

Microchip MPLAB XC8 Assembler V2.40 build 20220703182018 
                                                                                               Sat Jan 18 15:41:39 2025

Microchip MPLAB XC8 C Compiler v2.40 (Free license) build 20220703182018 Og1 
     1                           	processor	16F628A
     2                           	pagewidth 120
     3                           	opt	flic
     4                           	psect	cinit,global,class=CODE,merge=1,delta=2
     5                           	psect	cstackCOMMON,global,class=COMMON,space=1,delta=1,noexec
     6                           	psect	maintext,global,class=CODE,split=1,delta=2
     7                           	psect	idloc,global,abs,ovrld,class=IDLOC,space=5,delta=2,noexec
     8                           	psect	config,global,abs,ovrld,class=CONFIG,space=4,delta=2,noexec
     9                           	dabs	1,0x7E,2
    10     0000                     
    11                           ; Version 2.40
    12                           ; Generated 17/11/2021 GMT
    13                           ; 
    14                           ; Copyright © 2021, Microchip Technology Inc. and its subsidiaries ("Microchip")
    15                           ; All rights reserved.
    16                           ; 
    17                           ; This software is developed by Microchip Technology Inc. and its subsidiaries ("Microch
      +                          ip").
    18                           ; 
    19                           ; Redistribution and use in source and binary forms, with or without modification, are
    20                           ; permitted provided that the following conditions are met:
    21                           ; 
    22                           ;     1. Redistributions of source code must retain the above copyright notice, this lis
      +                          t of
    23                           ;        conditions and the following disclaimer.
    24                           ; 
    25                           ;     2. Redistributions in binary form must reproduce the above copyright notice, this 
      +                          list
    26                           ;        of conditions and the following disclaimer in the documentation and/or other
    27                           ;        materials provided with the distribution. Publication is not required when
    28                           ;        this file is used in an embedded application.
    29                           ; 
    30                           ;     3. Microchip's name may not be used to endorse or promote products derived from th
      +                          is
    31                           ;        software without specific prior written permission.
    32                           ; 
    33                           ; THIS SOFTWARE IS PROVIDED BY MICROCHIP "AS IS" AND ANY EXPRESS OR IMPLIED WARRANTIES,
    34                           ; INCLUDING, BUT NOT LIMITED TO, THE IMPLIED WARRANTIES OF MERCHANTABILITY AND FITNESS F
      +                          OR
    35                           ; PURPOSE ARE DISCLAIMED.  IN NO EVENT SHALL MICROCHIP BE LIABLE FOR ANY DIRECT, INDIREC
      +                          T,
    36                           ; INCIDENTAL, SPECIAL, EXEMPLARY, OR CONSEQUENTIAL DAMAGES (INCLUDING BUT NOT LIMITED TO
    37                           ; PROCUREMENT OF SUBSTITUTE GOODS OR SERVICES; LOSS OF USE, DATA OR PROFITS; OR BUSINESS
    38                           ; INTERRUPTION) HOWSOEVER CAUSED AND ON ANY THEORY OF LIABILITY, WHETHER IN CONTRACT, ST
      +                          RICT
    39                           ; LIABILITY, OR TORT (INCLUDING NEGLIGENCE OR OTHERWISE) ARISING IN ANY WAY OUT OF THE U
      +                          SE OF
    40                           ; THIS SOFTWARE, EVEN IF ADVISED OF THE POSSIBILITY OF SUCH DAMAGE.
    41                           ; 
    42                           ; 
    43                           ; Code-generator required, PIC16F628A Definitions
    44                           ; 
    45                           ; SFR Addresses
    46     0000                     	;# 
    47     0001                     	;# 
    48     0002                     	;# 
    49     0003                     	;# 
    50     0004                     	;# 
    51     0005                     	;# 
    52     0006                     	;# 
    53     000A                     	;# 
    54     000B                     	;# 
    55     000C                     	;# 
    56     000E                     	;# 
    57     000E                     	;# 
    58     000F                     	;# 
    59     0010                     	;# 
    60     0011                     	;# 
    61     0012                     	;# 
    62     0015                     	;# 
    63     0015                     	;# 
    64     0016                     	;# 
    65     0017                     	;# 
    66     0018                     	;# 
    67     0019                     	;# 
    68     001A                     	;# 
    69     001F                     	;# 
    70     0081                     	;# 
    71     0085                     	;# 
    72     0086                     	;# 
    73     008C                     	;# 
    74     008E                     	;# 
    75     0092                     	;# 
    76     0098                     	;# 
    77     0099                     	;# 
    78     009A                     	;# 
    79     009B                     	;# 
    80     009C                     	;# 
    81     009D                     	;# 
    82     009F                     	;# 
    83     0000                     	;# 
    84     0001                     	;# 
    85     0002                     	;# 
    86     0003                     	;# 
    87     0004                     	;# 
    88     0005                     	;# 
    89     0006                     	;# 
    90     000A                     	;# 
    91     000B                     	;# 
    92     000C                     	;# 
    93     000E                     	;# 
    94     000E                     	;# 
    95     000F                     	;# 
    96     0010                     	;# 
    97     0011                     	;# 
    98     0012                     	;# 
    99     0015                     	;# 
   100     0015                     	;# 
   101     0016                     	;# 
   102     0017                     	;# 
   103     0018                     	;# 
   104     0019                     	;# 
   105     001A                     	;# 
   106     001F                     	;# 
   107     0081                     	;# 
   108     0085                     	;# 
   109     0086                     	;# 
   110     008C                     	;# 
   111     008E                     	;# 
   112     0092                     	;# 
   113     0098                     	;# 
   114     0099                     	;# 
   115     009A                     	;# 
   116     009B                     	;# 
   117     009C                     	;# 
   118     009D                     	;# 
   119     009F                     	;# 
   120     0006                     _PORTBbits	set	6
   121                           
   122                           	psect	cinit
   123     07FE                     start_initialization:	
   124                           ; #config settings
   125                           
   126     07FE                     __initialization:
   127     07FE                     end_of_initialization:	
   128                           ;End of C runtime variable initialization code
   129                           
   130     07FE                     __end_of__initialization:
   131     07FE  0183               	clrf	3
   132     07FF  2FFA               	ljmp	_main	;jump to C main() function
   133                           
   134                           	psect	cstackCOMMON
   135     0000                     __pcstackCOMMON:
   136     0000                     ?_main:
   137     0000                     ??_main:	
   138                           ; 1 bytes @ 0x0
   139                           
   140                           
   141                           	psect	maintext
   142     07FA                     __pmaintext:	
   143                           ; 1 bytes @ 0x0
   144 ;;
   145 ;;Main: autosize = 0, tempsize = 0, incstack = 0, save=0
   146 ;;
   147 ;; *************** function _main *****************
   148 ;; Defined at:
   149 ;;		line 31 in file "main.c"
   150 ;; Parameters:    Size  Location     Type
   151 ;;		None
   152 ;; Auto vars:     Size  Location     Type
   153 ;;		None
   154 ;; Return value:  Size  Location     Type
   155 ;;                  1    wreg      void 
   156 ;; Registers used:
   157 ;;		None
   158 ;; Tracked objects:
   159 ;;		On entry : B00/0
   160 ;;		On exit  : 0/0
   161 ;;		Unchanged: 0/0
   162 ;; Data sizes:     COMMON   BANK0   BANK1   BANK2
   163 ;;      Params:         0       0       0       0
   164 ;;      Locals:         0       0       0       0
   165 ;;      Temps:          0       0       0       0
   166 ;;      Totals:         0       0       0       0
   167 ;;Total ram usage:        0 bytes
   168 ;; This function calls:
   169 ;;		Nothing
   170 ;; This function is called by:
   171 ;;		Startup code after reset
   172 ;; This function uses a non-reentrant model
   173 ;;
   174                           
   175     07FA                     _main:	
   176                           ;psect for function _main
   177                           
   178     07FA                     l599:	
   179                           ;incstack = 0
   180                           ; Regs used in _main: []
   181                           
   182                           
   183                           ;main.c: 32:     PORTBbits.RB0=0;
   184     07FA  1283               	bcf	3,5	;RP0=0, select bank0
   185     07FB  1303               	bcf	3,6	;RP1=0, select bank0
   186     07FC  1006               	bcf	6,0	;volatile
   187     07FD                     l7:	
   188                           ;main.c: 34:     return;
   189                           
   190     07FD  2800               	ljmp	start
   191     07FE                     __end_of_main:
   192     007E                     btemp	set	126	;btemp
   193     007E                     wtemp0	set	126
   194                           
   195                           	psect	idloc
   196                           
   197                           ;Config register IDLOC0 @ 0x2000
   198                           ;	unspecified, using default values
   199     2000                     	org	8192
   200     2000  3FFF               	dw	16383
   201                           
   202                           ;Config register IDLOC1 @ 0x2001
   203                           ;	unspecified, using default values
   204     2001                     	org	8193
   205     2001  3FFF               	dw	16383
   206                           
   207                           ;Config register IDLOC2 @ 0x2002
   208                           ;	unspecified, using default values
   209     2002                     	org	8194
   210     2002  3FFF               	dw	16383
   211                           
   212                           ;Config register IDLOC3 @ 0x2003
   213                           ;	unspecified, using default values
   214     2003                     	org	8195
   215     2003  3FFF               	dw	16383
   216                           
   217                           	psect	config
   218                           
   219                           ;Config register CONFIG @ 0x2007
   220                           ;	Oscillator Selection bits
   221                           ;	FOSC = XT, XT oscillator: Crystal/resonator on RA6/OSC2/CLKOUT and RA7/OSC1/CLKIN
   222                           ;	Watchdog Timer Enable bit
   223                           ;	WDTE = ON, WDT enabled
   224                           ;	Power-up Timer Enable bit
   225                           ;	PWRTE = OFF, PWRT disabled
   226                           ;	RA5/MCLR/VPP Pin Function Select bit
   227                           ;	MCLRE = ON, RA5/MCLR/VPP pin function is MCLR
   228                           ;	Brown-out Detect Enable bit
   229                           ;	BOREN = ON, BOD enabled
   230                           ;	Low-Voltage Programming Enable bit
   231                           ;	LVP = ON, RB4/PGM pin has PGM function, low-voltage programming enabled
   232                           ;	Data EE Memory Code Protection bit
   233                           ;	CPD = OFF, Data memory code protection off
   234                           ;	Flash Program Memory Code Protection bit
   235                           ;	CP = OFF, Code protection off
   236     2007                     	org	8199
   237     2007  3FED               	dw	16365

Data Sizes:
    Strings     0
    Constant    0
    Data        0
    BSS         0
    Persistent  0
    Stack       0

Auto Spaces:
    Space          Size  Autos    Used
    COMMON           14      0       0
    BANK0            80      0       0
    BANK1            80      0       0
    BANK2            48      0       0

Pointer List with Targets:

    None.

Critical Paths under _main in COMMON

    None.

Critical Paths under _main in BANK0

    None.

Critical Paths under _main in BANK1

    None.

Critical Paths under _main in BANK2

    None.

Call Graph Tables:

 ---------------------------------------------------------------------------------
 (Depth) Function   	        Calls       Base Space   Used Autos Params    Refs
 ---------------------------------------------------------------------------------
 (0) _main                                                 0     0      0       0
 ---------------------------------------------------------------------------------
 Estimated maximum stack depth 0
 ---------------------------------------------------------------------------------

 Call Graph Graphs:

 _main (ROOT)

 Address spaces:
Name               Size   Autos  Total    Cost      Usage
BITCOMMON            E      0       0       0        0.0%
EEDATA              80      0       0       0        0.0%
NULL                 0      0       0       0        0.0%
CODE                 0      0       0       0        0.0%
COMMON               E      0       0       1        0.0%
BITSFR0              0      0       0       1        0.0%
SFR0                 0      0       0       1        0.0%
BITSFR1              0      0       0       2        0.0%
SFR1                 0      0       0       2        0.0%
STACK                0      0       0       2        0.0%
BANK0               50      0       0       3        0.0%
BITSFR3              0      0       0       4        0.0%
SFR3                 0      0       0       4        0.0%
ABS                  0      0       0       4        0.0%
BITBANK0            50      0       0       5        0.0%
BITSFR2              0      0       0       5        0.0%
SFR2                 0      0       0       5        0.0%
BITBANK1            50      0       0       6        0.0%
BANK1               50      0       0       7        0.0%
BITBANK2            30      0       0       8        0.0%
BANK2               30      0       0       9        0.0%
DATA                 0      0       0      10        0.0%


Microchip Technology PIC Macro Assembler V2.40 build 20220703182018 
Symbol Table                                                                                   Sat Jan 18 15:41:39 2025

                      l7 07FD                      l599 07FA                     _main 07FA  
                   btemp 007E                     start 0000                    ?_main 0000  
                  status 0003                    wtemp0 007E          __initialization 07FE  
           __end_of_main 07FE                   ??_main 0000  __end_of__initialization 07FE  
         __pcstackCOMMON 0000               __pmaintext 07FA     end_of_initialization 07FE  
              _PORTBbits 0006      start_initialization 07FE                ___latbits 0000  
